# JRE version: OpenJDK Runtime Environment (15.0+36) (build 15+36-1562)
# Java VM: OpenJDK 64-Bit Server VM (15+36-1562, mixed mode, sharing, tiered, compressed oops, g1 gc, windows-amd64)
GC Precious Log:
 CPUs: 4 total, 4 available
 Memory: 8095M
 Large Page Support: Disabled
 NUMA Support: Disabled
 Compressed Oops: Enabled (32-bit)
 Heap Region Size: 1M
 Heap Min Capacity: 8M
 Heap Initial Capacity: 128M
 Heap Max Capacity: 2024M
 Pre-touch: Disabled
 Parallel Workers: 4
 Concurrent Workers: 1
 Concurrent Refinement Workers: 4
 Periodic GC: Disabled
Heap:
 garbage-first heap   total 37888K, used 17385K [0x0000000081800000, 0x0000000100000000)
  region size 1024K, 6 young (6144K), 2 survivors (2048K)
 Metaspace       used 29090K, capacity 29435K, committed 29488K, reserved 1075200K
  class space    used 3554K, capacity 3697K, committed 3712K, reserved 1048576K
GC Heap History (14 events):
Event: 1.414 GC heap before
{Heap before GC invocations=0 (full 0):
 garbage-first heap   total 131072K, used 12288K [0x0000000081800000, 0x0000000100000000)
  region size 1024K, 13 young (13312K), 0 survivors (0K)
 Metaspace       used 3857K, capacity 6358K, committed 6528K, reserved 1056768K
  class space    used 399K, capacity 630K, committed 640K, reserved 1048576K
}
Event: 1.422 GC heap after
{Heap after GC invocations=1 (full 0):
 garbage-first heap   total 131072K, used 3999K [0x0000000081800000, 0x0000000100000000)
  region size 1024K, 2 young (2048K), 2 survivors (2048K)
 Metaspace       used 3857K, capacity 6358K, committed 6528K, reserved 1056768K
  class space    used 399K, capacity 630K, committed 640K, reserved 1048576K
}
Event: 2.241 GC heap before
{Heap before GC invocations=1 (full 0):
 garbage-first heap   total 131072K, used 15263K [0x0000000081800000, 0x0000000100000000)
  region size 1024K, 13 young (13312K), 2 survivors (2048K)
 Metaspace       used 6444K, capacity 7728K, committed 7808K, reserved 1056768K
  class space    used 739K, capacity 850K, committed 896K, reserved 1048576K
}
Event: 2.249 GC heap after
{Heap after GC invocations=2 (full 0):
 garbage-first heap   total 131072K, used 4891K [0x0000000081800000, 0x0000000100000000)
  region size 1024K, 1 young (1024K), 1 survivors (1024K)
 Metaspace       used 6444K, capacity 7728K, committed 7808K, reserved 1056768K
  class space    used 739K, capacity 850K, committed 896K, reserved 1048576K
}
Event: 3.435 GC heap before
{Heap before GC invocations=2 (full 0):
 garbage-first heap   total 131072K, used 28443K [0x0000000081800000, 0x0000000100000000)
  region size 1024K, 24 young (24576K), 1 survivors (1024K)
 Metaspace       used 12655K, capacity 13087K, committed 13312K, reserved 1060864K
  class space    used 1468K, capacity 1529K, committed 1536K, reserved 1048576K
}
Event: 3.441 GC heap after
{Heap after GC invocations=3 (full 0):
 garbage-first heap   total 131072K, used 6209K [0x0000000081800000, 0x0000000100000000)
  region size 1024K, 3 young (3072K), 3 survivors (3072K)
 Metaspace       used 12655K, capacity 13087K, committed 13312K, reserved 1060864K
  class space    used 1468K, capacity 1529K, committed 1536K, reserved 1048576K
}
Event: 7.510 GC heap before
{Heap before GC invocations=3 (full 0):
 garbage-first heap   total 131072K, used 67649K [0x0000000081800000, 0x0000000100000000)
  region size 1024K, 64 young (65536K), 3 survivors (3072K)
 Metaspace       used 20892K, capacity 21116K, committed 21296K, reserved 1069056K
  class space    used 2515K, capacity 2604K, committed 2688K, reserved 1048576K
}
Event: 7.537 GC heap after
{Heap after GC invocations=4 (full 0):
 garbage-first heap   total 131072K, used 9708K [0x0000000081800000, 0x0000000100000000)
  region size 1024K, 6 young (6144K), 6 survivors (6144K)
 Metaspace       used 20892K, capacity 21116K, committed 21296K, reserved 1069056K
  class space    used 2515K, capacity 2604K, committed 2688K, reserved 1048576K
}
Event: 8.949 GC heap before
{Heap before GC invocations=5 (full 0):
 garbage-first heap   total 37888K, used 26092K [0x0000000081800000, 0x0000000100000000)
  region size 1024K, 22 young (22528K), 6 survivors (6144K)
 Metaspace       used 24466K, capacity 24796K, committed 25008K, reserved 1071104K
  class space    used 2952K, capacity 3062K, committed 3072K, reserved 1048576K
}
Event: 8.970 GC heap after
{Heap after GC invocations=6 (full 0):
 garbage-first heap   total 37888K, used 11774K [0x0000000081800000, 0x0000000100000000)
  region size 1024K, 3 young (3072K), 3 survivors (3072K)
 Metaspace       used 24466K, capacity 24796K, committed 25008K, reserved 1071104K
  class space    used 2952K, capacity 3062K, committed 3072K, reserved 1048576K
}
Event: 9.922 GC heap before
{Heap before GC invocations=6 (full 0):
 garbage-first heap   total 37888K, used 25086K [0x0000000081800000, 0x0000000100000000)
  region size 1024K, 17 young (17408K), 3 survivors (3072K)
 Metaspace       used 26434K, capacity 26796K, committed 26928K, reserved 1073152K
  class space    used 3206K, capacity 3355K, committed 3456K, reserved 1048576K
}
Event: 9.929 GC heap after
{Heap after GC invocations=7 (full 0):
 garbage-first heap   total 37888K, used 12935K [0x0000000081800000, 0x0000000100000000)
  region size 1024K, 2 young (2048K), 2 survivors (2048K)
 Metaspace       used 26434K, capacity 26796K, committed 26928K, reserved 1073152K
  class space    used 3206K, capacity 3355K, committed 3456K, reserved 1048576K
}
Event: 10.650 GC heap before
{Heap before GC invocations=7 (full 0):
 garbage-first heap   total 37888K, used 26247K [0x0000000081800000, 0x0000000100000000)
  region size 1024K, 15 young (15360K), 2 survivors (2048K)
 Metaspace       used 28323K, capacity 28687K, committed 28976K, reserved 1075200K
  class space    used 3455K, capacity 3597K, committed 3712K, reserved 1048576K
}
Event: 10.659 GC heap after
{Heap after GC invocations=8 (full 0):
 garbage-first heap   total 37888K, used 14313K [0x0000000081800000, 0x0000000100000000)
  region size 1024K, 2 young (2048K), 2 survivors (2048K)
 Metaspace       used 28323K, capacity 28687K, committed 28976K, reserved 1075200K
  class space    used 3455K, capacity 3597K, committed 3712K, reserved 1048576K
}

